<?xml version="1.0" encoding="UTF-8"?>
<coverage generated="1659936781685" clover="3.2.0">
  <project timestamp="1659936781686" name="All files">
    <metrics statements="45" coveredstatements="28" conditionals="8" coveredconditionals="3" methods="21" coveredmethods="13" elements="74" coveredelements="44" complexity="0" loc="45" ncloc="45" packages="4" files="6" classes="6"/>
    <package name="infiniteScroll">
      <metrics statements="2" coveredstatements="2" conditionals="0" coveredconditionals="0" methods="1" coveredmethods="1"/>
      <file name="App.tsx" path="C:\Users\Hussain\Desktop\gitTest\metafic\React-Native\infiniteScroll\App.tsx">
        <metrics statements="2" coveredstatements="2" conditionals="0" coveredconditionals="0" methods="1" coveredmethods="1"/>
        <line num="8" count="1" type="stmt"/>
        <line num="11" count="1" type="stmt"/>
      </file>
    </package>
    <package name="infiniteScroll.src.api">
      <metrics statements="2" coveredstatements="2" conditionals="0" coveredconditionals="0" methods="1" coveredmethods="1"/>
      <file name="api.tsx" path="C:\Users\Hussain\Desktop\gitTest\metafic\React-Native\infiniteScroll\src\api\api.tsx">
        <metrics statements="2" coveredstatements="2" conditionals="0" coveredconditionals="0" methods="1" coveredmethods="1"/>
        <line num="2" count="2" type="stmt"/>
        <line num="3" count="2" type="stmt"/>
      </file>
    </package>
    <package name="infiniteScroll.src.components">
      <metrics statements="8" coveredstatements="8" conditionals="0" coveredconditionals="0" methods="5" coveredmethods="4"/>
      <file name="AuthorCard.tsx" path="C:\Users\Hussain\Desktop\gitTest\metafic\React-Native\infiniteScroll\src\components\AuthorCard.tsx">
        <metrics statements="5" coveredstatements="5" conditionals="0" coveredconditionals="0" methods="4" coveredmethods="3"/>
        <line num="11" count="6" type="stmt"/>
        <line num="17" count="4" type="stmt"/>
        <line num="18" count="6" type="stmt"/>
        <line num="28" count="2" type="stmt"/>
        <line num="41" count="4" type="stmt"/>
      </file>
      <file name="Loader.tsx" path="C:\Users\Hussain\Desktop\gitTest\metafic\React-Native\infiniteScroll\src\components\Loader.tsx">
        <metrics statements="3" coveredstatements="3" conditionals="0" coveredconditionals="0" methods="1" coveredmethods="1"/>
        <line num="4" count="2" type="stmt"/>
        <line num="5" count="2" type="stmt"/>
        <line num="14" count="2" type="stmt"/>
      </file>
    </package>
    <package name="infiniteScroll.src.screens">
      <metrics statements="33" coveredstatements="16" conditionals="8" coveredconditionals="3" methods="14" coveredmethods="7"/>
      <file name="HomeScreen.tsx" path="C:\Users\Hussain\Desktop\gitTest\metafic\React-Native\infiniteScroll\src\screens\HomeScreen.tsx">
        <metrics statements="29" coveredstatements="12" conditionals="8" coveredconditionals="3" methods="11" coveredmethods="4"/>
        <line num="9" count="2" type="stmt"/>
        <line num="10" count="2" type="stmt"/>
        <line num="11" count="2" type="stmt"/>
        <line num="12" count="2" type="stmt"/>
        <line num="14" count="2" type="stmt"/>
        <line num="16" count="2" type="stmt"/>
        <line num="17" count="2" type="cond" truecount="2" falsecount="0"/>
        <line num="18" count="0" type="stmt"/>
        <line num="19" count="0" type="stmt"/>
        <line num="20" count="0" type="stmt"/>
        <line num="22" count="0" type="stmt"/>
        <line num="23" count="0" type="stmt"/>
        <line num="24" count="0" type="stmt"/>
        <line num="27" count="2" type="stmt"/>
        <line num="30" count="2" type="stmt"/>
        <line num="31" count="2" type="stmt"/>
        <line num="32" count="0" type="stmt"/>
        <line num="33" count="0" type="stmt"/>
        <line num="38" count="0" type="cond" truecount="0" falsecount="2"/>
        <line num="39" count="0" type="stmt"/>
        <line num="40" count="0" type="stmt"/>
        <line num="42" count="0" type="cond" truecount="0" falsecount="2"/>
        <line num="43" count="0" type="stmt"/>
        <line num="44" count="0" type="stmt"/>
        <line num="47" count="2" type="stmt"/>
        <line num="54" count="0" type="stmt"/>
        <line num="63" count="0" type="stmt"/>
        <line num="65" count="0" type="stmt"/>
        <line num="82" count="2" type="stmt"/>
      </file>
      <file name="SearchResultScreen.tsx" path="C:\Users\Hussain\Desktop\gitTest\metafic\React-Native\infiniteScroll\src\screens\SearchResultScreen.tsx">
        <metrics statements="4" coveredstatements="4" conditionals="0" coveredconditionals="0" methods="3" coveredmethods="3"/>
        <line num="8" count="1" type="stmt"/>
        <line num="9" count="1" type="stmt"/>
        <line num="14" count="3" type="stmt"/>
        <line num="16" count="3" type="stmt"/>
      </file>
    </package>
  </project>
</coverage>
