{"C:\\Users\\Hussain\\Desktop\\gitTest\\metafic\\React-Native\\infiniteScroll\\App.tsx": {"path":"C:\\Users\\Hussain\\Desktop\\gitTest\\metafic\\React-Native\\infiniteScroll\\App.tsx","statementMap":{"0":{"start":{"line":8,"column":14},"end":{"line":8,"column":42}},"1":{"start":{"line":11,"column":2},"end":{"line":18,"column":4}}},"fnMap":{"0":{"name":"App","decl":{"start":{"line":10,"column":9},"end":{"line":10,"column":12}},"loc":{"start":{"line":10,"column":15},"end":{"line":19,"column":1}},"line":10}},"branchMap":{},"s":{"0":1,"1":1},"f":{"0":1},"b":{},"_coverageSchema":"1a1c01bbd47fc00a2c39e90264f33305004495a9","hash":"2f782da1b77724247516e4633cfa7c7fdd5b572f"}
,"C:\\Users\\Hussain\\Desktop\\gitTest\\metafic\\React-Native\\infiniteScroll\\src\\api\\api.tsx": {"path":"C:\\Users\\Hussain\\Desktop\\gitTest\\metafic\\React-Native\\infiniteScroll\\src\\api\\api.tsx","statementMap":{"0":{"start":{"line":2,"column":22},"end":{"line":5,"column":3}},"1":{"start":{"line":3,"column":2},"end":{"line":5,"column":3}}},"fnMap":{"0":{"name":"(anonymous_0)","decl":{"start":{"line":2,"column":22},"end":{"line":2,"column":23}},"loc":{"start":{"line":3,"column":2},"end":{"line":5,"column":3}},"line":3}},"branchMap":{},"s":{"0":2,"1":2},"f":{"0":2},"b":{},"_coverageSchema":"1a1c01bbd47fc00a2c39e90264f33305004495a9","hash":"ca0d26f4ae1908e7578dfecc3189285e84e6b8b9"}
,"C:\\Users\\Hussain\\Desktop\\gitTest\\metafic\\React-Native\\infiniteScroll\\src\\components\\AuthorCard.tsx": {"path":"C:\\Users\\Hussain\\Desktop\\gitTest\\metafic\\React-Native\\infiniteScroll\\src\\components\\AuthorCard.tsx","statementMap":{"0":{"start":{"line":11,"column":20},"end":{"line":11,"column":75}},"1":{"start":{"line":11,"column":35},"end":{"line":11,"column":75}},"2":{"start":{"line":17,"column":19},"end":{"line":37,"column":1}},"3":{"start":{"line":18,"column":2},"end":{"line":36,"column":4}},"4":{"start":{"line":28,"column":12},"end":{"line":30,"column":19}},"5":{"start":{"line":28,"column":65},"end":{"line":28,"column":87}},"6":{"start":{"line":41,"column":15},"end":{"line":52,"column":2}}},"fnMap":{"0":{"name":"(anonymous_0)","decl":{"start":{"line":11,"column":20},"end":{"line":11,"column":21}},"loc":{"start":{"line":11,"column":35},"end":{"line":11,"column":75}},"line":11},"1":{"name":"(anonymous_1)","decl":{"start":{"line":17,"column":19},"end":{"line":17,"column":20}},"loc":{"start":{"line":17,"column":73},"end":{"line":37,"column":1}},"line":17},"2":{"name":"(anonymous_2)","decl":{"start":{"line":27,"column":21},"end":{"line":27,"column":22}},"loc":{"start":{"line":28,"column":12},"end":{"line":30,"column":19}},"line":28},"3":{"name":"(anonymous_3)","decl":{"start":{"line":28,"column":59},"end":{"line":28,"column":60}},"loc":{"start":{"line":28,"column":65},"end":{"line":28,"column":87}},"line":28}},"branchMap":{},"s":{"0":4,"1":6,"2":4,"3":6,"4":2,"5":0,"6":4},"f":{"0":6,"1":6,"2":2,"3":0},"b":{},"_coverageSchema":"1a1c01bbd47fc00a2c39e90264f33305004495a9","hash":"f9f62edb1749726fae16a2d7f22c3e1d878a6cb1"}
,"C:\\Users\\Hussain\\Desktop\\gitTest\\metafic\\React-Native\\infiniteScroll\\src\\components\\Loader.tsx": {"path":"C:\\Users\\Hussain\\Desktop\\gitTest\\metafic\\React-Native\\infiniteScroll\\src\\components\\Loader.tsx","statementMap":{"0":{"start":{"line":4,"column":15},"end":{"line":10,"column":1}},"1":{"start":{"line":5,"column":2},"end":{"line":9,"column":4}},"2":{"start":{"line":14,"column":15},"end":{"line":20,"column":2}}},"fnMap":{"0":{"name":"(anonymous_0)","decl":{"start":{"line":4,"column":15},"end":{"line":4,"column":16}},"loc":{"start":{"line":4,"column":21},"end":{"line":10,"column":1}},"line":4}},"branchMap":{},"s":{"0":2,"1":2,"2":2},"f":{"0":2},"b":{},"_coverageSchema":"1a1c01bbd47fc00a2c39e90264f33305004495a9","hash":"4576b60eee00765a7a70193b02c0b6f520be190d"}
,"C:\\Users\\Hussain\\Desktop\\gitTest\\metafic\\React-Native\\infiniteScroll\\src\\screens\\HomeScreen.tsx": {"path":"C:\\Users\\Hussain\\Desktop\\gitTest\\metafic\\React-Native\\infiniteScroll\\src\\screens\\HomeScreen.tsx","statementMap":{"0":{"start":{"line":9,"column":26},"end":{"line":9,"column":52}},"1":{"start":{"line":10,"column":26},"end":{"line":10,"column":51}},"2":{"start":{"line":11,"column":32},"end":{"line":11,"column":52}},"3":{"start":{"line":12,"column":15},"end":{"line":12,"column":24}},"4":{"start":{"line":14,"column":2},"end":{"line":28,"column":21}},"5":{"start":{"line":16,"column":6},"end":{"line":25,"column":7}},"6":{"start":{"line":17,"column":23},"end":{"line":17,"column":55}},"7":{"start":{"line":18,"column":8},"end":{"line":18,"column":47}},"8":{"start":{"line":18,"column":23},"end":{"line":18,"column":45}},"9":{"start":{"line":19,"column":8},"end":{"line":19,"column":26}},"10":{"start":{"line":20,"column":8},"end":{"line":20,"column":41}},"11":{"start":{"line":22,"column":8},"end":{"line":22,"column":27}},"12":{"start":{"line":23,"column":8},"end":{"line":23,"column":26}},"13":{"start":{"line":24,"column":8},"end":{"line":24,"column":49}},"14":{"start":{"line":27,"column":4},"end":{"line":27,"column":21}},"15":{"start":{"line":30,"column":2},"end":{"line":35,"column":13}},"16":{"start":{"line":31,"column":4},"end":{"line":34,"column":14}},"17":{"start":{"line":32,"column":6},"end":{"line":32,"column":40}},"18":{"start":{"line":33,"column":6},"end":{"line":33,"column":38}},"19":{"start":{"line":38,"column":4},"end":{"line":41,"column":5}},"20":{"start":{"line":39,"column":6},"end":{"line":39,"column":70}},"21":{"start":{"line":40,"column":6},"end":{"line":40,"column":13}},"22":{"start":{"line":42,"column":17},"end":{"line":42,"column":79}},"23":{"start":{"line":42,"column":37},"end":{"line":42,"column":78}},"24":{"start":{"line":43,"column":4},"end":{"line":43,"column":73}},"25":{"start":{"line":44,"column":4},"end":{"line":44,"column":16}},"26":{"start":{"line":47,"column":2},"end":{"line":77,"column":4}},"27":{"start":{"line":54,"column":30},"end":{"line":54,"column":50}},"28":{"start":{"line":63,"column":36},"end":{"line":63,"column":50}},"29":{"start":{"line":65,"column":14},"end":{"line":71,"column":16}},"30":{"start":{"line":82,"column":15},"end":{"line":88,"column":2}}},"fnMap":{"0":{"name":"HomeScreen","decl":{"start":{"line":8,"column":9},"end":{"line":8,"column":19}},"loc":{"start":{"line":8,"column":38},"end":{"line":78,"column":1}},"line":8},"1":{"name":"(anonymous_1)","decl":{"start":{"line":14,"column":12},"end":{"line":14,"column":13}},"loc":{"start":{"line":14,"column":18},"end":{"line":28,"column":3}},"line":14},"2":{"name":"getAuthorsList","decl":{"start":{"line":15,"column":19},"end":{"line":15,"column":33}},"loc":{"start":{"line":15,"column":36},"end":{"line":26,"column":5}},"line":15},"3":{"name":"(anonymous_3)","decl":{"start":{"line":18,"column":16},"end":{"line":18,"column":17}},"loc":{"start":{"line":18,"column":23},"end":{"line":18,"column":45}},"line":18},"4":{"name":"(anonymous_4)","decl":{"start":{"line":30,"column":12},"end":{"line":30,"column":13}},"loc":{"start":{"line":30,"column":18},"end":{"line":35,"column":3}},"line":30},"5":{"name":"(anonymous_5)","decl":{"start":{"line":31,"column":15},"end":{"line":31,"column":16}},"loc":{"start":{"line":31,"column":21},"end":{"line":34,"column":5}},"line":31},"6":{"name":"handleSearch","decl":{"start":{"line":37,"column":11},"end":{"line":37,"column":23}},"loc":{"start":{"line":37,"column":26},"end":{"line":45,"column":3}},"line":37},"7":{"name":"(anonymous_7)","decl":{"start":{"line":42,"column":29},"end":{"line":42,"column":30}},"loc":{"start":{"line":42,"column":37},"end":{"line":42,"column":78}},"line":42},"8":{"name":"(anonymous_8)","decl":{"start":{"line":54,"column":22},"end":{"line":54,"column":23}},"loc":{"start":{"line":54,"column":30},"end":{"line":54,"column":50}},"line":54},"9":{"name":"(anonymous_9)","decl":{"start":{"line":63,"column":26},"end":{"line":63,"column":27}},"loc":{"start":{"line":63,"column":36},"end":{"line":63,"column":50}},"line":63},"10":{"name":"(anonymous_10)","decl":{"start":{"line":64,"column":24},"end":{"line":64,"column":25}},"loc":{"start":{"line":65,"column":14},"end":{"line":71,"column":16}},"line":65}},"branchMap":{"0":{"loc":{"start":{"line":17,"column":37},"end":{"line":17,"column":54}},"type":"binary-expr","locations":[{"start":{"line":17,"column":37},"end":{"line":17,"column":49}},{"start":{"line":17,"column":53},"end":{"line":17,"column":54}}],"line":17},"1":{"loc":{"start":{"line":38,"column":4},"end":{"line":41,"column":5}},"type":"if","locations":[{"start":{"line":38,"column":4},"end":{"line":41,"column":5}},{"start":{},"end":{}}],"line":38},"2":{"loc":{"start":{"line":42,"column":37},"end":{"line":42,"column":78}},"type":"binary-expr","locations":[{"start":{"line":42,"column":37},"end":{"line":42,"column":56}},{"start":{"line":42,"column":60},"end":{"line":42,"column":78}}],"line":42},"3":{"loc":{"start":{"line":56,"column":7},"end":{"line":75,"column":7}},"type":"cond-expr","locations":[{"start":{"line":57,"column":8},"end":{"line":57,"column":18}},{"start":{"line":59,"column":8},"end":{"line":74,"column":15}}],"line":56}},"s":{"0":2,"1":2,"2":2,"3":2,"4":2,"5":2,"6":2,"7":0,"8":0,"9":0,"10":0,"11":0,"12":0,"13":0,"14":2,"15":2,"16":2,"17":0,"18":0,"19":0,"20":0,"21":0,"22":0,"23":0,"24":0,"25":0,"26":2,"27":0,"28":0,"29":0,"30":2},"f":{"0":2,"1":2,"2":2,"3":0,"4":2,"5":0,"6":0,"7":0,"8":0,"9":0,"10":0},"b":{"0":[2,2],"1":[0,0],"2":[0,0],"3":[2,0]},"_coverageSchema":"1a1c01bbd47fc00a2c39e90264f33305004495a9","hash":"6c9f99d6762f99c0c47b9e36365a718e8d95e85f"}
,"C:\\Users\\Hussain\\Desktop\\gitTest\\metafic\\React-Native\\infiniteScroll\\src\\screens\\SearchResultScreen.tsx": {"path":"C:\\Users\\Hussain\\Desktop\\gitTest\\metafic\\React-Native\\infiniteScroll\\src\\screens\\SearchResultScreen.tsx","statementMap":{"0":{"start":{"line":8,"column":28},"end":{"line":8,"column":40}},"1":{"start":{"line":9,"column":2},"end":{"line":26,"column":4}},"2":{"start":{"line":14,"column":30},"end":{"line":14,"column":43}},"3":{"start":{"line":16,"column":10},"end":{"line":22,"column":12}}},"fnMap":{"0":{"name":"SearchResultScreen","decl":{"start":{"line":7,"column":9},"end":{"line":7,"column":27}},"loc":{"start":{"line":7,"column":42},"end":{"line":27,"column":1}},"line":7},"1":{"name":"(anonymous_1)","decl":{"start":{"line":14,"column":22},"end":{"line":14,"column":23}},"loc":{"start":{"line":14,"column":30},"end":{"line":14,"column":43}},"line":14},"2":{"name":"(anonymous_2)","decl":{"start":{"line":15,"column":20},"end":{"line":15,"column":21}},"loc":{"start":{"line":16,"column":10},"end":{"line":22,"column":12}},"line":16}},"branchMap":{},"s":{"0":1,"1":1,"2":3,"3":3},"f":{"0":1,"1":3,"2":3},"b":{},"_coverageSchema":"1a1c01bbd47fc00a2c39e90264f33305004495a9","hash":"db48dd9e15d5ff39b006a94a31a189eaffa15665"}
}
