TN:
SF:App.tsx
FN:10,App
FNF:1
FNH:1
FNDA:1,App
DA:8,1
DA:11,1
LF:2
LH:2
BRF:0
BRH:0
end_of_record
TN:
SF:src\api\api.tsx
FN:2,(anonymous_0)
FNF:1
FNH:1
FNDA:2,(anonymous_0)
DA:2,2
DA:3,2
LF:2
LH:2
BRF:0
BRH:0
end_of_record
TN:
SF:src\components\AuthorCard.tsx
FN:11,(anonymous_0)
FN:17,(anonymous_1)
FN:27,(anonymous_2)
FN:28,(anonymous_3)
FNF:4
FNH:3
FNDA:6,(anonymous_0)
FNDA:6,(anonymous_1)
FNDA:2,(anonymous_2)
FNDA:0,(anonymous_3)
DA:11,6
DA:17,4
DA:18,6
DA:28,2
DA:41,4
LF:5
LH:5
BRF:0
BRH:0
end_of_record
TN:
SF:src\components\Loader.tsx
FN:4,(anonymous_0)
FNF:1
FNH:1
FNDA:2,(anonymous_0)
DA:4,2
DA:5,2
DA:14,2
LF:3
LH:3
BRF:0
BRH:0
end_of_record
TN:
SF:src\screens\HomeScreen.tsx
FN:8,HomeScreen
FN:14,(anonymous_1)
FN:15,getAuthorsList
FN:18,(anonymous_3)
FN:30,(anonymous_4)
FN:31,(anonymous_5)
FN:37,handleSearch
FN:42,(anonymous_7)
FN:54,(anonymous_8)
FN:63,(anonymous_9)
FN:64,(anonymous_10)
FNF:11
FNH:4
FNDA:2,HomeScreen
FNDA:2,(anonymous_1)
FNDA:2,getAuthorsList
FNDA:0,(anonymous_3)
FNDA:2,(anonymous_4)
FNDA:0,(anonymous_5)
FNDA:0,handleSearch
FNDA:0,(anonymous_7)
FNDA:0,(anonymous_8)
FNDA:0,(anonymous_9)
FNDA:0,(anonymous_10)
DA:9,2
DA:10,2
DA:11,2
DA:12,2
DA:14,2
DA:16,2
DA:17,2
DA:18,0
DA:19,0
DA:20,0
DA:22,0
DA:23,0
DA:24,0
DA:27,2
DA:30,2
DA:31,2
DA:32,0
DA:33,0
DA:38,0
DA:39,0
DA:40,0
DA:42,0
DA:43,0
DA:44,0
DA:47,2
DA:54,0
DA:63,0
DA:65,0
DA:82,2
LF:29
LH:12
BRDA:17,0,0,2
BRDA:17,0,1,2
BRDA:38,1,0,0
BRDA:38,1,1,0
BRDA:42,2,0,0
BRDA:42,2,1,0
BRDA:56,3,0,2
BRDA:56,3,1,0
BRF:8
BRH:3
end_of_record
TN:
SF:src\screens\SearchResultScreen.tsx
FN:7,SearchResultScreen
FN:14,(anonymous_1)
FN:15,(anonymous_2)
FNF:3
FNH:3
FNDA:1,SearchResultScreen
FNDA:3,(anonymous_1)
FNDA:3,(anonymous_2)
DA:8,1
DA:9,1
DA:14,3
DA:16,3
LF:4
LH:4
BRF:0
BRH:0
end_of_record
